android/app/build/intermediates/manifest_merge_blame_file/debug/manifest-merger-blame-debug-report.txt
1<?xml version="1.0" encoding="utf-8"?>
2<manifest xmlns:android="http://schemas.android.com/apk/res/android"
3    package="com.RoyalSherry"
4    android:versionCode="1"
5    android:versionName="1.0" >
6
7    <uses-sdk
8        android:minSdkVersion="16"
9        android:targetSdkVersion="28" />
10
11    <uses-permission android:name="android.permission.SYSTEM_ALERT_WINDOW" />
11-->src/debug/AndroidManifest.xml:5:5-77
11-->src/debug/AndroidManifest.xml:5:22-75
12    <uses-permission android:name="android.permission.INTERNET" />
12-->src/main/AndroidManifest.xml:4:5-67
12-->src/main/AndroidManifest.xml:4:22-64
13    <uses-permission android:name="android.permission.RECEIVE_BOOT_COMPLETED" />
13-->src/main/AndroidManifest.xml:5:5-81
13-->src/main/AndroidManifest.xml:5:22-78
14    <uses-permission android:name="android.permission.VIBRATE" />
14-->src/main/AndroidManifest.xml:6:5-66
14-->src/main/AndroidManifest.xml:6:22-63
15    <uses-permission android:name="android.permission.ACCESS_FINE_LOCATION" />
15-->src/main/AndroidManifest.xml:7:5-9:3
15-->src/main/AndroidManifest.xml:8:4-58
16    <uses-permission android:name="android.permission.WRITE_EXTERNAL_STORAGE" />
16-->src/main/AndroidManifest.xml:10:1-76
16-->src/main/AndroidManifest.xml:10:18-74
17    <uses-permission android:name="android.permission.READ_EXTERNAL_STORAGE" />
17-->src/main/AndroidManifest.xml:11:1-75
17-->src/main/AndroidManifest.xml:11:18-73
18    <uses-permission android:name="android.permission.ACCESS_WIFI_STATE" />
18-->[com.facebook.flipper:flipper:0.33.1] AndroidManifest.xml:16:5-76
18-->[com.facebook.flipper:flipper:0.33.1] AndroidManifest.xml:16:22-73
19    <uses-permission android:name="android.permission.ACCESS_NETWORK_STATE" />
19-->[com.google.firebase:firebase-messaging:21.1.0] AndroidManifest.xml:22:5-79
19-->[com.google.firebase:firebase-messaging:21.1.0] AndroidManifest.xml:22:22-76
20    <uses-permission android:name="android.permission.WAKE_LOCK" /> <!-- Required by older versions of Google Play services to create IID tokens -->
20-->[com.google.firebase:firebase-messaging:21.1.0] AndroidManifest.xml:23:5-68
20-->[com.google.firebase:firebase-messaging:21.1.0] AndroidManifest.xml:23:22-65
21    <uses-permission android:name="com.google.android.c2dm.permission.RECEIVE" />
21-->[com.google.firebase:firebase-messaging:21.1.0] AndroidManifest.xml:25:5-82
21-->[com.google.firebase:firebase-messaging:21.1.0] AndroidManifest.xml:25:22-79
22    <uses-permission android:name="com.google.android.finsky.permission.BIND_GET_INSTALL_REFERRER_SERVICE" /> <!-- for android -->
22-->[com.google.android.gms:play-services-measurement:18.0.2] AndroidManifest.xml:26:5-110
22-->[com.google.android.gms:play-services-measurement:18.0.2] AndroidManifest.xml:26:22-107
23    <!-- <uses-permission android:name="com.android.launcher.permission.READ_SETTINGS"/> -->
24    <!-- <uses-permission android:name="com.android.launcher.permission.WRITE_SETTINGS"/> -->
25    <!-- <uses-permission android:name="com.android.launcher.permission.INSTALL_SHORTCUT" /> -->
26    <!-- <uses-permission android:name="com.android.launcher.permission.UNINSTALL_SHORTCUT" /> -->
27    <!-- for Samsung -->
28    <uses-permission android:name="com.sec.android.provider.badge.permission.READ" />
28-->[me.leolin:ShortcutBadger:1.1.22] AndroidManifest.xml:19:5-86
28-->[me.leolin:ShortcutBadger:1.1.22] AndroidManifest.xml:19:22-83
29    <uses-permission android:name="com.sec.android.provider.badge.permission.WRITE" /> <!-- for htc -->
29-->[me.leolin:ShortcutBadger:1.1.22] AndroidManifest.xml:20:5-87
29-->[me.leolin:ShortcutBadger:1.1.22] AndroidManifest.xml:20:22-84
30    <uses-permission android:name="com.htc.launcher.permission.READ_SETTINGS" />
30-->[me.leolin:ShortcutBadger:1.1.22] AndroidManifest.xml:23:5-81
30-->[me.leolin:ShortcutBadger:1.1.22] AndroidManifest.xml:23:22-78
31    <uses-permission android:name="com.htc.launcher.permission.UPDATE_SHORTCUT" /> <!-- for sony -->
31-->[me.leolin:ShortcutBadger:1.1.22] AndroidManifest.xml:24:5-83
31-->[me.leolin:ShortcutBadger:1.1.22] AndroidManifest.xml:24:22-80
32    <uses-permission android:name="com.sonyericsson.home.permission.BROADCAST_BADGE" />
32-->[me.leolin:ShortcutBadger:1.1.22] AndroidManifest.xml:27:5-88
32-->[me.leolin:ShortcutBadger:1.1.22] AndroidManifest.xml:27:22-85
33    <uses-permission android:name="com.sonymobile.home.permission.PROVIDER_INSERT_BADGE" /> <!-- for apex -->
33-->[me.leolin:ShortcutBadger:1.1.22] AndroidManifest.xml:28:5-92
33-->[me.leolin:ShortcutBadger:1.1.22] AndroidManifest.xml:28:22-89
34    <uses-permission android:name="com.anddoes.launcher.permission.UPDATE_COUNT" /> <!-- for solid -->
34-->[me.leolin:ShortcutBadger:1.1.22] AndroidManifest.xml:31:5-84
34-->[me.leolin:ShortcutBadger:1.1.22] AndroidManifest.xml:31:22-81
35    <uses-permission android:name="com.majeur.launcher.permission.UPDATE_BADGE" /> <!-- for huawei -->
35-->[me.leolin:ShortcutBadger:1.1.22] AndroidManifest.xml:34:5-83
35-->[me.leolin:ShortcutBadger:1.1.22] AndroidManifest.xml:34:22-80
36    <uses-permission android:name="com.huawei.android.launcher.permission.CHANGE_BADGE" />
36-->[me.leolin:ShortcutBadger:1.1.22] AndroidManifest.xml:37:5-91
36-->[me.leolin:ShortcutBadger:1.1.22] AndroidManifest.xml:37:22-88
37    <uses-permission android:name="com.huawei.android.launcher.permission.READ_SETTINGS" />
37-->[me.leolin:ShortcutBadger:1.1.22] AndroidManifest.xml:38:5-92
37-->[me.leolin:ShortcutBadger:1.1.22] AndroidManifest.xml:38:22-89
38    <uses-permission android:name="com.huawei.android.launcher.permission.WRITE_SETTINGS" /> <!-- for ZUK -->
38-->[me.leolin:ShortcutBadger:1.1.22] AndroidManifest.xml:39:5-93
38-->[me.leolin:ShortcutBadger:1.1.22] AndroidManifest.xml:39:22-90
39    <uses-permission android:name="android.permission.READ_APP_BADGE" /> <!-- for OPPO -->
39-->[me.leolin:ShortcutBadger:1.1.22] AndroidManifest.xml:42:5-73
39-->[me.leolin:ShortcutBadger:1.1.22] AndroidManifest.xml:42:22-70
40    <uses-permission android:name="com.oppo.launcher.permission.READ_SETTINGS" />
40-->[me.leolin:ShortcutBadger:1.1.22] AndroidManifest.xml:45:5-82
40-->[me.leolin:ShortcutBadger:1.1.22] AndroidManifest.xml:45:22-79
41    <uses-permission android:name="com.oppo.launcher.permission.WRITE_SETTINGS" /> <!-- for EvMe -->
41-->[me.leolin:ShortcutBadger:1.1.22] AndroidManifest.xml:46:5-83
41-->[me.leolin:ShortcutBadger:1.1.22] AndroidManifest.xml:46:22-80
42    <uses-permission android:name="me.everything.badger.permission.BADGE_COUNT_READ" />
42-->[me.leolin:ShortcutBadger:1.1.22] AndroidManifest.xml:49:5-88
42-->[me.leolin:ShortcutBadger:1.1.22] AndroidManifest.xml:49:22-85
43    <uses-permission android:name="me.everything.badger.permission.BADGE_COUNT_WRITE" />
43-->[me.leolin:ShortcutBadger:1.1.22] AndroidManifest.xml:50:5-89
43-->[me.leolin:ShortcutBadger:1.1.22] AndroidManifest.xml:50:22-86
44
45    <application
45-->src/main/AndroidManifest.xml:13:5-97:19
46        android:name="com.RoyalSherry.MainApplication"
46-->src/main/AndroidManifest.xml:14:7-38
47        android:allowBackup="false"
47-->src/main/AndroidManifest.xml:18:7-34
48        android:appComponentFactory="androidx.core.app.CoreComponentFactory"
48-->[androidx.core:core:1.1.0] AndroidManifest.xml:24:18-86
49        android:debuggable="true"
50        android:icon="@mipmap/logo"
50-->src/main/AndroidManifest.xml:16:7-34
51        android:label="@string/app_name"
51-->src/main/AndroidManifest.xml:15:7-39
52        android:launchMode="singleTop"
52-->src/main/AndroidManifest.xml:19:9-39
53        android:roundIcon="@mipmap/logo"
53-->src/main/AndroidManifest.xml:17:7-39
54        android:supportsRtl="true"
54-->[com.facebook.android:facebook-android-sdk:8.2.0] AndroidManifest.xml:28:18-44
55        android:testOnly="true"
56        android:theme="@style/AppTheme"
56-->src/main/AndroidManifest.xml:20:7-38
57        android:usesCleartextTraffic="true" >
57-->src/debug/AndroidManifest.xml:7:18-53
58        <activity
58-->src/main/AndroidManifest.xml:21:7-32:18
59            android:name="com.RoyalSherry.MainActivity"
59-->src/main/AndroidManifest.xml:22:9-37
60            android:configChanges="keyboard|keyboardHidden|orientation|screenSize|uiMode"
60-->src/main/AndroidManifest.xml:25:9-86
61            android:label="@string/app_name"
61-->src/main/AndroidManifest.xml:23:9-41
62            android:launchMode="singleTop"
62-->src/main/AndroidManifest.xml:26:9-39
63            android:screenOrientation="portrait"
63-->src/main/AndroidManifest.xml:24:9-45
64            android:windowSoftInputMode="adjustPan" >
64-->src/main/AndroidManifest.xml:27:9-48
65            <intent-filter>
65-->src/main/AndroidManifest.xml:28:9-31:25
66                <action android:name="android.intent.action.MAIN" />
66-->src/main/AndroidManifest.xml:29:13-65
66-->src/main/AndroidManifest.xml:29:21-62
67
68                <category android:name="android.intent.category.LAUNCHER" />
68-->src/main/AndroidManifest.xml:30:13-73
68-->src/main/AndroidManifest.xml:30:23-70
69            </intent-filter>
70        </activity>
71        <!--
72 <service android:name="io.invertase.firebase.messaging.RNFirebaseMessagingService">
73    <intent-filter>
74        <action android:name="com.google.firebase.MESSAGING_EVENT" />
75    </intent-filter>
76</service>
77        -->
78        <meta-data
78-->src/main/AndroidManifest.xml:40:1-92
79            android:name="google_analytics_adid_collection_enabled"
79-->src/main/AndroidManifest.xml:40:12-67
80            android:value="false" />
80-->src/main/AndroidManifest.xml:40:68-89
81        <meta-data
81-->src/main/AndroidManifest.xml:41:1-120
82            android:name="com.dieam.reactnativepushnotification.notification_channel_name"
82-->src/main/AndroidManifest.xml:41:12-90
83            android:value="RoyalSherry" />
83-->src/main/AndroidManifest.xml:41:91-118
84        <meta-data
84-->src/main/AndroidManifest.xml:42:1-141
85            android:name="com.dieam.reactnativepushnotification.notification_channel_description"
85-->src/main/AndroidManifest.xml:42:12-97
86            android:value="RoyalSherry Notifications" /> <!-- Change the resource name to your App's accent color - or any other color you want -->
86-->src/main/AndroidManifest.xml:42:98-139
87        <meta-data
87-->src/main/AndroidManifest.xml:44:1-117
88            android:name="com.dieam.reactnativepushnotification.notification_color"
88-->src/main/AndroidManifest.xml:44:12-83
89            android:resource="@mipmap/logo" />
89-->src/main/AndroidManifest.xml:44:84-115
90        <!--
91 <receiver android:name="com.google.android.gms.gcm.GcmReceiver" android:exported="true" android:permission="com.google.android.c2dm.permission.SEND">
92   <intent-filter>
93      <action android:name="com.google.android.c2dm.intent.RECEIVE" />
94       <category android:name="${applicationId}" />
95   </intent-filter>
96</receiver>
97        -->
98        <receiver android:name="com.dieam.reactnativepushnotification.modules.RNPushNotificationPublisher" />
98-->src/main/AndroidManifest.xml:52:1-102
98-->src/main/AndroidManifest.xml:52:11-99
99        <receiver android:name="com.dieam.reactnativepushnotification.modules.RNPushNotificationBootEventReceiver" >
99-->src/main/AndroidManifest.xml:53:1-57:12
99-->src/main/AndroidManifest.xml:53:11-107
100            <intent-filter>
100-->src/main/AndroidManifest.xml:54:5-56:21
101                <action android:name="android.intent.action.BOOT_COMPLETED" />
101-->src/main/AndroidManifest.xml:55:9-71
101-->src/main/AndroidManifest.xml:55:17-68
102            </intent-filter>
103        </receiver>
104        <!--
105 <service android:name="com.dieam.reactnativepushnotification.modules.RNPushNotificationRegistrationService"/>
106<service android:name="com.dieam.reactnativepushnotification.modules.RNPushNotificationListenerServiceGcm" android:exported="false">
107    <intent-filter>
108       <action android:name="com.google.android.c2dm.intent.RECEIVE" />
109    </intent-filter>
110</service>
111        -->
112        <service
112-->src/main/AndroidManifest.xml:66:9-73:15
113            android:name="com.afrihost.firebase.notifications.RNFirebaseMessagingService"
113-->src/main/AndroidManifest.xml:67:9-86
114            android:exported="false" >
114-->src/main/AndroidManifest.xml:68:9-33
115            <intent-filter>
115-->src/main/AndroidManifest.xml:69:9-72:25
116                <action android:name="com.google.firebase.MESSAGING_EVENT" />
116-->src/main/AndroidManifest.xml:70:13-74
116-->src/main/AndroidManifest.xml:70:21-71
117                <action android:name="com.google.android.c2dm.intent.RECEIVE" />
117-->src/main/AndroidManifest.xml:71:13-77
117-->src/main/AndroidManifest.xml:71:21-74
118            </intent-filter>
119        </service>
120        <service android:name="com.afrihost.firebase.notifications.RNFirebaseBackgroundMessagingService" />
120-->src/main/AndroidManifest.xml:75:5-104
120-->src/main/AndroidManifest.xml:75:14-101
121
122        <activity android:name="com.facebook.react.devsupport.DevSettingsActivity" />
122-->src/main/AndroidManifest.xml:76:7-84
122-->src/main/AndroidManifest.xml:76:17-81
123
124        <meta-data
124-->src/main/AndroidManifest.xml:78:11-79:52
125            android:name="com.facebook.sdk.ApplicationId"
125-->src/main/AndroidManifest.xml:78:22-67
126            android:value="@string/facebook_app_id" />
126-->src/main/AndroidManifest.xml:79:11-50
127        <meta-data
127-->src/main/AndroidManifest.xml:81:9-83:47
128            android:name="com.google.firebase.messaging.default_notification_icon"
128-->src/main/AndroidManifest.xml:82:13-83
129            android:resource="@mipmap/logo" />
129-->src/main/AndroidManifest.xml:83:13-44
130        <meta-data
130-->src/main/AndroidManifest.xml:84:9-86:69
131            android:name="com.google.firebase.messaging.default_notification_color"
131-->src/main/AndroidManifest.xml:85:13-84
132            android:resource="@color/cardview_shadow_start_color" />
132-->src/main/AndroidManifest.xml:86:13-66
133
134        <receiver
134-->src/main/AndroidManifest.xml:88:9-149
135            android:name="com.afrihost.firebase.notifications.RNFirebaseNotificationReceiver"
135-->src/main/AndroidManifest.xml:88:66-147
136            android:enabled="true"
136-->src/main/AndroidManifest.xml:88:19-41
137            android:exported="true" />
137-->src/main/AndroidManifest.xml:88:42-65
138        <receiver
138-->src/main/AndroidManifest.xml:89:9-96:20
139            android:name="com.afrihost.firebase.notifications.RNFirebaseNotificationsRebootReceiver"
139-->src/main/AndroidManifest.xml:89:67-155
140            android:enabled="true"
140-->src/main/AndroidManifest.xml:89:19-41
141            android:exported="true" >
141-->src/main/AndroidManifest.xml:89:42-65
142            <intent-filter>
142-->src/main/AndroidManifest.xml:90:13-95:29
143                <action android:name="android.intent.action.BOOT_COMPLETED" />
143-->src/main/AndroidManifest.xml:55:9-71
143-->src/main/AndroidManifest.xml:55:17-68
144                <action android:name="android.intent.action.QUICKBOOT_POWERON" />
144-->src/main/AndroidManifest.xml:92:17-81
144-->src/main/AndroidManifest.xml:92:25-79
145                <action android:name="com.htc.intent.action.QUICKBOOT_POWERON" />
145-->src/main/AndroidManifest.xml:93:17-81
145-->src/main/AndroidManifest.xml:93:25-79
146
147                <category android:name="android.intent.category.DEFAULT" />
147-->src/main/AndroidManifest.xml:94:17-76
147-->src/main/AndroidManifest.xml:94:27-73
148            </intent-filter>
149        </receiver>
150
151        <provider
151-->[:react-native-webview] AndroidManifest.xml:12:9-20:20
152            android:name="com.reactnativecommunity.webview.RNCWebViewFileProvider"
152-->[:react-native-webview] AndroidManifest.xml:13:13-83
153            android:authorities="com.RoyalSherry.fileprovider"
153-->[:react-native-webview] AndroidManifest.xml:14:13-64
154            android:exported="false"
154-->[:react-native-webview] AndroidManifest.xml:15:13-37
155            android:grantUriPermissions="true" >
155-->[:react-native-webview] AndroidManifest.xml:16:13-47
156            <meta-data
156-->[:react-native-webview] AndroidManifest.xml:17:13-19:63
157                android:name="android.support.FILE_PROVIDER_PATHS"
157-->[:react-native-webview] AndroidManifest.xml:18:17-67
158                android:resource="@xml/file_provider_paths" />
158-->[:react-native-webview] AndroidManifest.xml:19:17-60
159        </provider>
160
161        <activity
161-->[com.facebook.android:facebook-common:8.2.0] AndroidManifest.xml:30:9-33:66
162            android:name="com.facebook.FacebookActivity"
162-->[com.facebook.android:facebook-common:8.2.0] AndroidManifest.xml:31:13-57
163            android:configChanges="keyboard|keyboardHidden|screenLayout|screenSize|orientation"
163-->[com.facebook.android:facebook-common:8.2.0] AndroidManifest.xml:32:13-96
164            android:theme="@style/com_facebook_activity_theme" />
164-->[com.facebook.android:facebook-common:8.2.0] AndroidManifest.xml:33:13-63
165        <activity android:name="com.facebook.CustomTabMainActivity" />
165-->[com.facebook.android:facebook-common:8.2.0] AndroidManifest.xml:34:9-71
165-->[com.facebook.android:facebook-common:8.2.0] AndroidManifest.xml:34:19-68
166        <activity
166-->[com.facebook.android:facebook-common:8.2.0] AndroidManifest.xml:35:9-49:20
167            android:name="com.facebook.CustomTabActivity"
167-->[com.facebook.android:facebook-common:8.2.0] AndroidManifest.xml:36:13-58
168            android:exported="true" >
168-->[com.facebook.android:facebook-common:8.2.0] AndroidManifest.xml:37:13-36
169            <intent-filter>
169-->[com.facebook.android:facebook-common:8.2.0] AndroidManifest.xml:39:13-48:29
170                <action android:name="android.intent.action.VIEW" />
170-->[com.facebook.android:facebook-common:8.2.0] AndroidManifest.xml:40:17-69
170-->[com.facebook.android:facebook-common:8.2.0] AndroidManifest.xml:40:25-66
171
172                <category android:name="android.intent.category.DEFAULT" />
172-->src/main/AndroidManifest.xml:94:17-76
172-->src/main/AndroidManifest.xml:94:27-73
173                <category android:name="android.intent.category.BROWSABLE" />
173-->[com.facebook.android:facebook-common:8.2.0] AndroidManifest.xml:43:17-78
173-->[com.facebook.android:facebook-common:8.2.0] AndroidManifest.xml:43:27-75
174
175                <data
175-->[com.facebook.android:facebook-common:8.2.0] AndroidManifest.xml:45:17-47:50
176                    android:host="cct.com.RoyalSherry"
176-->[com.facebook.android:facebook-common:8.2.0] AndroidManifest.xml:46:21-56
177                    android:scheme="fbconnect" />
177-->[com.facebook.android:facebook-common:8.2.0] AndroidManifest.xml:47:21-47
178            </intent-filter>
179        </activity>
180
181        <receiver
181-->[com.google.firebase:firebase-messaging:21.1.0] AndroidManifest.xml:28:9-35:20
182            android:name="com.google.firebase.iid.FirebaseInstanceIdReceiver"
182-->[com.google.firebase:firebase-messaging:21.1.0] AndroidManifest.xml:29:13-78
183            android:exported="true"
183-->[com.google.firebase:firebase-messaging:21.1.0] AndroidManifest.xml:30:13-36
184            android:permission="com.google.android.c2dm.permission.SEND" >
184-->[com.google.firebase:firebase-messaging:21.1.0] AndroidManifest.xml:31:13-73
185            <intent-filter>
185-->[com.google.firebase:firebase-messaging:21.1.0] AndroidManifest.xml:32:13-34:29
186                <action android:name="com.google.android.c2dm.intent.RECEIVE" />
186-->src/main/AndroidManifest.xml:71:13-77
186-->src/main/AndroidManifest.xml:71:21-74
187            </intent-filter>
188        </receiver>
189        <!--
190             FirebaseMessagingService performs security checks at runtime,
191             but set to not exported to explicitly avoid allowing another app to call it.
192        -->
193        <service
193-->[com.google.firebase:firebase-messaging:21.1.0] AndroidManifest.xml:41:9-48:19
194            android:name="com.google.firebase.messaging.FirebaseMessagingService"
194-->[com.google.firebase:firebase-messaging:21.1.0] AndroidManifest.xml:42:13-82
195            android:directBootAware="true"
195-->[com.google.firebase:firebase-messaging:21.1.0] AndroidManifest.xml:43:13-43
196            android:exported="false" >
196-->[com.google.firebase:firebase-messaging:21.1.0] AndroidManifest.xml:44:13-37
197            <intent-filter android:priority="-500" >
197-->[com.google.firebase:firebase-messaging:21.1.0] AndroidManifest.xml:45:13-47:29
197-->[com.google.firebase:firebase-messaging:21.1.0] AndroidManifest.xml:45:28-51
198                <action android:name="com.google.firebase.MESSAGING_EVENT" />
198-->src/main/AndroidManifest.xml:70:13-74
198-->src/main/AndroidManifest.xml:70:21-71
199            </intent-filter>
200        </service>
201        <service
201-->[com.google.firebase:firebase-messaging:21.1.0] AndroidManifest.xml:49:9-55:19
202            android:name="com.google.firebase.components.ComponentDiscoveryService"
202-->[com.google.firebase:firebase-messaging:21.1.0] AndroidManifest.xml:50:13-84
203            android:directBootAware="true"
203-->[com.google.firebase:firebase-common:19.5.0] AndroidManifest.xml:35:13-43
204            android:exported="false" >
204-->[com.google.firebase:firebase-messaging:21.1.0] AndroidManifest.xml:51:13-37
205            <meta-data
205-->[com.google.firebase:firebase-messaging:21.1.0] AndroidManifest.xml:52:13-54:85
206                android:name="com.google.firebase.components:com.google.firebase.messaging.FirebaseMessagingRegistrar"
206-->[com.google.firebase:firebase-messaging:21.1.0] AndroidManifest.xml:53:17-119
207                android:value="com.google.firebase.components.ComponentRegistrar" />
207-->[com.google.firebase:firebase-messaging:21.1.0] AndroidManifest.xml:54:17-82
208            <meta-data
208-->[com.google.firebase:firebase-datatransport:17.0.10] AndroidManifest.xml:28:13-30:85
209                android:name="com.google.firebase.components:com.google.firebase.datatransport.TransportRegistrar"
209-->[com.google.firebase:firebase-datatransport:17.0.10] AndroidManifest.xml:29:17-115
210                android:value="com.google.firebase.components.ComponentRegistrar" />
210-->[com.google.firebase:firebase-datatransport:17.0.10] AndroidManifest.xml:30:17-82
211            <meta-data
211-->[com.google.firebase:firebase-iid:21.1.0] AndroidManifest.xml:32:13-34:85
212                android:name="com.google.firebase.components:com.google.firebase.iid.Registrar"
212-->[com.google.firebase:firebase-iid:21.1.0] AndroidManifest.xml:33:17-96
213                android:value="com.google.firebase.components.ComponentRegistrar" />
213-->[com.google.firebase:firebase-iid:21.1.0] AndroidManifest.xml:34:17-82
214            <meta-data
214-->[com.google.android.gms:play-services-measurement-api:18.0.2] AndroidManifest.xml:30:13-32:85
215                android:name="com.google.firebase.components:com.google.firebase.analytics.connector.internal.AnalyticsConnectorRegistrar"
215-->[com.google.android.gms:play-services-measurement-api:18.0.2] AndroidManifest.xml:31:17-139
216                android:value="com.google.firebase.components.ComponentRegistrar" />
216-->[com.google.android.gms:play-services-measurement-api:18.0.2] AndroidManifest.xml:32:17-82
217            <meta-data
217-->[com.google.firebase:firebase-installations:16.3.5] AndroidManifest.xml:18:13-20:85
218                android:name="com.google.firebase.components:com.google.firebase.installations.FirebaseInstallationsRegistrar"
218-->[com.google.firebase:firebase-installations:16.3.5] AndroidManifest.xml:19:17-127
219                android:value="com.google.firebase.components.ComponentRegistrar" />
219-->[com.google.firebase:firebase-installations:16.3.5] AndroidManifest.xml:20:17-82
220            <!--
221                This registrar is not defined in the dynamic-module-support sdk itself to allow non-firebase
222                clients to use it as well, by defining this registrar in their own core/common library.
223            -->
224            <meta-data
224-->[com.google.firebase:firebase-common:19.5.0] AndroidManifest.xml:43:13-45:85
225                android:name="com.google.firebase.components:com.google.firebase.dynamicloading.DynamicLoadingRegistrar"
225-->[com.google.firebase:firebase-common:19.5.0] AndroidManifest.xml:44:17-121
226                android:value="com.google.firebase.components.ComponentRegistrar" />
226-->[com.google.firebase:firebase-common:19.5.0] AndroidManifest.xml:45:17-82
227        </service>
228        <service
228-->[com.google.android.datatransport:transport-backend-cct:2.3.3] AndroidManifest.xml:29:9-35:19
229            android:name="com.google.android.datatransport.runtime.backends.TransportBackendDiscovery"
229-->[com.google.android.datatransport:transport-backend-cct:2.3.3] AndroidManifest.xml:30:13-103
230            android:exported="false" >
230-->[com.google.android.datatransport:transport-backend-cct:2.3.3] AndroidManifest.xml:31:13-37
231            <meta-data
231-->[com.google.android.datatransport:transport-backend-cct:2.3.3] AndroidManifest.xml:32:13-34:39
232                android:name="backend:com.google.android.datatransport.cct.CctBackendFactory"
232-->[com.google.android.datatransport:transport-backend-cct:2.3.3] AndroidManifest.xml:33:17-94
233                android:value="cct" />
233-->[com.google.android.datatransport:transport-backend-cct:2.3.3] AndroidManifest.xml:34:17-36
234        </service>
235        <service
235-->[com.google.android.datatransport:transport-runtime:2.2.5] AndroidManifest.xml:26:9-30:19
236            android:name="com.google.android.datatransport.runtime.scheduling.jobscheduling.JobInfoSchedulerService"
236-->[com.google.android.datatransport:transport-runtime:2.2.5] AndroidManifest.xml:27:13-117
237            android:exported="false"
237-->[com.google.android.datatransport:transport-runtime:2.2.5] AndroidManifest.xml:28:13-37
238            android:permission="android.permission.BIND_JOB_SERVICE" >
238-->[com.google.android.datatransport:transport-runtime:2.2.5] AndroidManifest.xml:29:13-69
239        </service>
240
241        <receiver
241-->[com.google.android.datatransport:transport-runtime:2.2.5] AndroidManifest.xml:32:9-34:40
242            android:name="com.google.android.datatransport.runtime.scheduling.jobscheduling.AlarmManagerSchedulerBroadcastReceiver"
242-->[com.google.android.datatransport:transport-runtime:2.2.5] AndroidManifest.xml:33:13-132
243            android:exported="false" />
243-->[com.google.android.datatransport:transport-runtime:2.2.5] AndroidManifest.xml:34:13-37
244        <!--
245         The initialization ContentProvider will call FacebookSdk.sdkInitialize automatically
246         with the application context. This config is merged in with the host app's manifest,
247         but there can only be one provider with the same authority activated at any given
248         point; so if the end user has two or more different apps that use Facebook SDK, only the
249         first one will be able to use the provider. To work around this problem, we use the
250         following placeholder in the authority to identify each host application as if it was
251         a completely different provider.
252        -->
253        <provider
253-->[com.facebook.android:facebook-core:8.2.0] AndroidManifest.xml:39:9-42:40
254            android:name="com.facebook.internal.FacebookInitProvider"
254-->[com.facebook.android:facebook-core:8.2.0] AndroidManifest.xml:40:13-70
255            android:authorities="com.RoyalSherry.FacebookInitProvider"
255-->[com.facebook.android:facebook-core:8.2.0] AndroidManifest.xml:41:13-72
256            android:exported="false" />
256-->[com.facebook.android:facebook-core:8.2.0] AndroidManifest.xml:42:13-37
257
258        <receiver
258-->[com.facebook.android:facebook-core:8.2.0] AndroidManifest.xml:44:9-50:20
259            android:name="com.facebook.CurrentAccessTokenExpirationBroadcastReceiver"
259-->[com.facebook.android:facebook-core:8.2.0] AndroidManifest.xml:45:13-86
260            android:exported="false" >
260-->[com.facebook.android:facebook-core:8.2.0] AndroidManifest.xml:46:13-37
261            <intent-filter>
261-->[com.facebook.android:facebook-core:8.2.0] AndroidManifest.xml:47:13-49:29
262                <action android:name="com.facebook.sdk.ACTION_CURRENT_ACCESS_TOKEN_CHANGED" />
262-->[com.facebook.android:facebook-core:8.2.0] AndroidManifest.xml:48:17-95
262-->[com.facebook.android:facebook-core:8.2.0] AndroidManifest.xml:48:25-92
263            </intent-filter>
264        </receiver>
265        <receiver
265-->[com.google.android.gms:play-services-measurement:18.0.2] AndroidManifest.xml:29:9-33:20
266            android:name="com.google.android.gms.measurement.AppMeasurementReceiver"
266-->[com.google.android.gms:play-services-measurement:18.0.2] AndroidManifest.xml:30:13-85
267            android:enabled="true"
267-->[com.google.android.gms:play-services-measurement:18.0.2] AndroidManifest.xml:31:13-35
268            android:exported="false" >
268-->[com.google.android.gms:play-services-measurement:18.0.2] AndroidManifest.xml:32:13-37
269        </receiver>
270
271        <service
271-->[com.google.android.gms:play-services-measurement:18.0.2] AndroidManifest.xml:35:9-38:40
272            android:name="com.google.android.gms.measurement.AppMeasurementService"
272-->[com.google.android.gms:play-services-measurement:18.0.2] AndroidManifest.xml:36:13-84
273            android:enabled="true"
273-->[com.google.android.gms:play-services-measurement:18.0.2] AndroidManifest.xml:37:13-35
274            android:exported="false" />